############################################################################
# If you used Qvina-W in your work, please cite:                           #
#                                                                          #
# Nafisa M. Hassan, Amr A. Alhossary, Yuguang Mu, and Chee-Keong Kwoh,     #
# Protein-Ligand Blind Docking Using QuickVina-W With Inter-Process        #
# Spatio-Temporal Integration, Scientific Reports 7(1):2017,               #
# doi:10.1038/s41598-017-15571-7                                           #
#                                                                          #
# You are also encouraged to cite:                                         #
# QuickVina 2                                                              #
# Amr Alhossary, Stephanus Daniel Handoko, Yuguang Mu, and Chee-Keong Kwoh,#
# Fast, Accurate, and Reliable Molecular Docking with QuickVina 2,         #
# Bioinformatics (2015), doi: 10.1093/bioinformatics/btv082                #
#                                                                          #
# Quick Vina 1:                                                            #
# Stephanus Daniel Handoko, Xuchang Ouyang, Chinh Tran To Su, Chee Keong   #
# Kwoh, Yew Soon Ong,                                                      #
# QuickVina: Accelerating AutoDock Vina Using Gradient-Based Heuristics for#
# Global Optimization,                                                     #
# IEEE/ACM Transactions on Computational Biology and Bioinformatics,vol.9, #
# no. 5, pp. 1266-1272, Sept.-Oct. 2012, doi: 10.1109/TCBB.2012.82         #
#                                                                          #
# and original AutoDock Vina paper:                                        #
# O. Trott, A. J. Olson,                                                   #
# AutoDock Vina: improving the speed and accuracy of docking with a        #
# new scoring function, efficient optimization and multithreading,         #
# Journal of Computational Chemistry 31 (2010) 455-461                     #
# doi: 10.1002/jcc.21334                                                   #
############################################################################

WARNING: The search space volume > 27000 Angstrom^3 (See FAQ)
Reading input ... done.
Setting up the scoring function ... done.
Analyzing the binding site ... done.
Using random seed: 1942635444
Performing search ... done
Refining results ... done.
searching finished in 59.394 seconds
done.

mode |   affinity | dist from best mode
     | (kcal/mol) | rmsd l.b.| rmsd u.b.
-----+------------+----------+----------
   1         -7.1      0.000      0.000
   2         -7.1      1.846      4.175
   3         -7.0      2.550      7.677
   4         -6.8      3.128      5.961
   5         -6.8      2.403      4.569
   6         -6.7      2.809      4.497
   7         -6.7      2.184      4.768
   8         -6.6      2.221      6.786
   9         -6.6      2.374      6.280
Writing output ... done.
